<?xml version="1.0" encoding="UTF-8"?>
<!-- Generated by org.testng.reporters.JUnitXMLReporter -->
<testsuite hostname="DESKTOP-ON5DV80" ignored="2" name="workDay TestCases" tests="2" failures="1" timestamp="27 Jul 2018 00:52:07 GMT" time="42.819" errors="0">
  <testcase name="logintest" time="0.806" classname="com.wdhybridFW.TestCases.TC_LoginTest_001"/>
  <testcase name="navtocreateNH" time="40.842" classname="com.wdhybridFW.TestCases.TC_NewHire_002">
    <failure type="org.openqa.selenium.NoSuchElementException" message="Unable to locate element: /html/body/div[5]/div[1]/div[1]/section/div/div/div/div[1]/div/div[2]/div[2]/div/ul/li/div/div/div[1]/ul
For documentation on this error, please visit: http://seleniumhq.org/exceptions/no_such_element.html
Build info: version: &amp;apos;3.13.0&amp;apos;, revision: &amp;apos;2f0d292&amp;apos;, time: &amp;apos;2018-06-25T15:24:21.231Z&amp;apos;
System info: host: &amp;apos;DESKTOP-ON5DV80&amp;apos;, ip: &amp;apos;9.81.197.191&amp;apos;, os.name: &amp;apos;Windows 10&amp;apos;, os.arch: &amp;apos;amd64&amp;apos;, os.version: &amp;apos;10.0&amp;apos;, java.version: &amp;apos;1.8.0_162&amp;apos;
Driver info: org.openqa.selenium.firefox.FirefoxDriver
Capabilities {acceptInsecureCerts: true, browserName: firefox, browserVersion: 61.0.1, javascriptEnabled: true, moz:accessibilityChecks: false, moz:headless: false, moz:processID: 10140, moz:profile: C:\Users\RAMYAPULIKANTI\App..., moz:useNonSpecCompliantPointerOrigin: false, moz:webdriverClick: true, pageLoadStrategy: normal, platform: XP, platformName: XP, platformVersion: 10.0, rotatable: false, timeouts: {implicit: 0, pageLoad: 300000, script: 30000}}
Session ID: 0610f941-c18e-47f2-904d-d2569de3506a
*** Element info: {Using=xpath, value=/html/body/div[5]/div[1]/div[1]/section/div/div/div/div[1]/div/div[2]/div[2]/div/ul/li/div/div/div[1]/ul}">
      <![CDATA[org.openqa.selenium.NoSuchElementException: Unable to locate element: /html/body/div[5]/div[1]/div[1]/section/div/div/div/div[1]/div/div[2]/div[2]/div/ul/li/div/div/div[1]/ul
For documentation on this error, please visit: http://seleniumhq.org/exceptions/no_such_element.html
Build info: version: '3.13.0', revision: '2f0d292', time: '2018-06-25T15:24:21.231Z'
System info: host: 'DESKTOP-ON5DV80', ip: '9.81.197.191', os.name: 'Windows 10', os.arch: 'amd64', os.version: '10.0', java.version: '1.8.0_162'
Driver info: org.openqa.selenium.firefox.FirefoxDriver
Capabilities {acceptInsecureCerts: true, browserName: firefox, browserVersion: 61.0.1, javascriptEnabled: true, moz:accessibilityChecks: false, moz:headless: false, moz:processID: 10140, moz:profile: C:\Users\RAMYAPULIKANTI\App..., moz:useNonSpecCompliantPointerOrigin: false, moz:webdriverClick: true, pageLoadStrategy: normal, platform: XP, platformName: XP, platformVersion: 10.0, rotatable: false, timeouts: {implicit: 0, pageLoad: 300000, script: 30000}}
Session ID: 0610f941-c18e-47f2-904d-d2569de3506a
*** Element info: {Using=xpath, value=/html/body/div[5]/div[1]/div[1]/section/div/div/div/div[1]/div/div[2]/div[2]/div/ul/li/div/div/div[1]/ul}
	at org.openqa.selenium.remote.http.W3CHttpResponseCodec.createException(W3CHttpResponseCodec.java:187)
	at org.openqa.selenium.remote.http.W3CHttpResponseCodec.decode(W3CHttpResponseCodec.java:122)
	at org.openqa.selenium.remote.http.W3CHttpResponseCodec.decode(W3CHttpResponseCodec.java:49)
	at org.openqa.selenium.remote.HttpCommandExecutor.execute(HttpCommandExecutor.java:158)
	at org.openqa.selenium.remote.service.DriverCommandExecutor.execute(DriverCommandExecutor.java:83)
	at org.openqa.selenium.remote.RemoteWebDriver.execute(RemoteWebDriver.java:548)
	at org.openqa.selenium.remote.RemoteWebDriver.findElement(RemoteWebDriver.java:322)
	at org.openqa.selenium.remote.RemoteWebDriver.findElementByXPath(RemoteWebDriver.java:424)
	at org.openqa.selenium.By$ByXPath.findElement(By.java:353)
	at org.openqa.selenium.remote.RemoteWebDriver.findElement(RemoteWebDriver.java:314)
	at org.openqa.selenium.support.pagefactory.DefaultElementLocator.findElement(DefaultElementLocator.java:69)
	at org.openqa.selenium.support.pagefactory.internal.LocatingElementHandler.invoke(LocatingElementHandler.java:38)
	at com.sun.proxy.$Proxy10.click(Unknown Source)
	at com.wdhybridFW.PageObjects.HomePage_NewHire.ClickStartProxy(HomePage_NewHire.java:43)
	at com.wdhybridFW.TestCases.TC_NewHire_002.navtocreateNH(TC_NewHire_002.java:21)
... Removed 29 stack frames]]>
    </failure>
  </testcase> <!-- navtocreateNH -->
  <testcase name="@AfterSuite teardown" time="0.0" classname="com.wdhybridFW.TestCases.BaseClass">
    <ignored/>
  </testcase> <!-- @AfterSuite teardown -->
  <testcase name="@BeforeSuite setup" time="0.0" classname="com.wdhybridFW.TestCases.BaseClass">
    <ignored/>
  </testcase> <!-- @BeforeSuite setup -->
</testsuite> <!-- workDay TestCases -->
